<?xml version="1.0" encoding="UTF-8"?>
<!-- Generated by org.testng.reporters.JUnitReportReporter -->
<testsuite hostname="DESKTOP-G8PVACE" failures="0" tests="1" name="pageobject.PersonalisedGifts" time="37.654" errors="0" timestamp="2021-11-22T11:42:12 IST" skipped="0">
  <testcase classname="pageobject.PersonalisedGifts" name="PersonalizedGiftTest" time="37.654"/>
  <system-out/>
</testsuite> <!-- pageobject.PersonalisedGifts -->
