<?xml version="1.0" encoding="UTF-8"?>
<!-- Generated by org.testng.reporters.JUnitReportReporter -->
<testsuite hostname="DESKTOP-G8PVACE" failures="0" tests="1" name="pageobject.SearchPage" time="15.702" errors="0" timestamp="2021-11-22T11:42:12 IST" skipped="0">
  <testcase classname="pageobject.SearchPage" name="SearchPageTest" time="15.702"/>
  <system-out/>
</testsuite> <!-- pageobject.SearchPage -->
