<?xml version="1.0" encoding="UTF-8"?>
<!-- Generated by org.testng.reporters.JUnitReportReporter -->
<testsuite hostname="DESKTOP-G8PVACE" failures="0" tests="1" name="runner.WindowSwitching" time="47.338" errors="0" timestamp="2021-11-22T11:42:12 IST" skipped="0">
  <testcase classname="runner.WindowSwitching" name="windowtest" time="47.338"/>
  <system-out/>
</testsuite> <!-- runner.WindowSwitching -->
