<?xml version="1.0" encoding="UTF-8"?>
<!-- Generated by org.testng.reporters.JUnitReportReporter -->
<testsuite hostname="DESKTOP-G8PVACE" failures="0" tests="1" name="pageobject.TrackYourOrder" time="23.904" errors="0" timestamp="2021-11-22T11:42:13 IST" skipped="0">
  <testcase classname="pageobject.TrackYourOrder" name="TrackYourOrderTest" time="23.904"/>
  <system-out/>
</testsuite> <!-- pageobject.TrackYourOrder -->
