<?xml version="1.0" encoding="UTF-8"?>
<!-- Generated by org.testng.reporters.JUnitReportReporter -->
<testsuite hostname="DESKTOP-G8PVACE" failures="0" tests="1" name="pageobject.AllOfIt" time="57.991" errors="0" timestamp="2021-11-22T11:42:12 IST" skipped="0">
  <testcase classname="pageobject.AllOfIt" name="AllOfItTest" time="57.991"/>
  <system-out/>
</testsuite> <!-- pageobject.AllOfIt -->
