<?xml version="1.0" encoding="UTF-8"?>
<!-- Generated by org.testng.reporters.JUnitReportReporter -->
<testsuite hostname="DESKTOP-G8PVACE" failures="0" tests="1" name="pageobject.CorporateGifts" time="29.541" errors="0" timestamp="2021-11-22T11:42:13 IST" skipped="0">
  <testcase classname="pageobject.CorporateGifts" name="GiftPageTest" time="29.541"/>
  <system-out/>
</testsuite> <!-- pageobject.CorporateGifts -->
