<?xml version="1.0" encoding="UTF-8"?>
<!-- Generated by org.testng.reporters.JUnitReportReporter -->
<testsuite hostname="DESKTOP-G8PVACE" failures="0" tests="1" name="pageobject.GiftPage" time="15.209" errors="0" timestamp="2021-11-22T10:40:23 IST" skipped="0">
  <testcase classname="pageobject.GiftPage" name="GiftHover" time="15.209"/>
  <system-out/>
</testsuite> <!-- pageobject.GiftPage -->
