<?xml version="1.0" encoding="UTF-8"?>
<!-- Generated by org.testng.reporters.JUnitReportReporter -->
<testsuite hostname="DESKTOP-G8PVACE" failures="0" tests="1" name="pageobject.LifeStyle" time="51.445" errors="0" timestamp="2021-11-18T11:46:30 IST" skipped="0">
  <testcase classname="pageobject.LifeStyle" name="LifeStyleTest" time="51.445"/>
  <system-out/>
</testsuite> <!-- pageobject.LifeStyle -->
