<?xml version="1.0" encoding="UTF-8"?>
<!-- Generated by org.testng.reporters.JUnitReportReporter -->
<testsuite hostname="DESKTOP-G8PVACE" failures="0" tests="1" name="runner.WindowSwitching" time="41.393" errors="0" timestamp="2021-11-18T11:46:30 IST" skipped="0">
  <testcase classname="runner.WindowSwitching" name="windowtest" time="41.393"/>
  <system-out/>
</testsuite> <!-- runner.WindowSwitching -->
