<?xml version="1.0" encoding="UTF-8"?>
<!-- Generated by org.testng.reporters.JUnitReportReporter -->
<testsuite hostname="DESKTOP-G8PVACE" failures="0" tests="1" name="pageobject.LifeStyle" time="34.303" errors="0" timestamp="2021-11-22T10:40:23 IST" skipped="0">
  <testcase classname="pageobject.LifeStyle" name="LifeStyleTest" time="34.303"/>
  <system-out/>
</testsuite> <!-- pageobject.LifeStyle -->
