<?xml version="1.0" encoding="UTF-8"?>
<!-- Generated by org.testng.reporters.JUnitReportReporter -->
<testsuite hostname="DESKTOP-G8PVACE" failures="0" tests="1" name="pageobject.BountyPage" time="8.331" errors="0" timestamp="2021-11-18T16:05:36 IST" skipped="0">
  <testcase classname="pageobject.BountyPage" name="logintest" time="8.331"/>
  <system-out/>
</testsuite> <!-- pageobject.BountyPage -->
