<?xml version="1.0" encoding="UTF-8"?>
<!-- Generated by org.testng.reporters.JUnitReportReporter -->
<testsuite hostname="DESKTOP-G8PVACE" failures="0" tests="1" name="pageobject.PersonalisedGifts" time="20.559" errors="0" timestamp="2021-11-18T11:46:30 IST" skipped="0">
  <testcase classname="pageobject.PersonalisedGifts" name="PersonalizedGiftTest" time="20.559"/>
  <system-out/>
</testsuite> <!-- pageobject.PersonalisedGifts -->
