<?xml version="1.0" encoding="UTF-8"?>
<!-- Generated by org.testng.reporters.JUnitReportReporter -->
<testsuite hostname="DESKTOP-G8PVACE" failures="0" tests="1" name="pageobject.PersonalisedGifts" time="21.862" errors="0" timestamp="2021-11-22T10:40:23 IST" skipped="0">
  <testcase classname="pageobject.PersonalisedGifts" name="PersonalizedGiftTest" time="21.862"/>
  <system-out/>
</testsuite> <!-- pageobject.PersonalisedGifts -->
